This is pdfTeX, Version 3.141592653-2.6-1.40.27 (MiKTeX 25.3) (preloaded format=pdflatex 2025.4.18)  18 APR 2025 20:38
entering extended mode
 restricted \write18 enabled.
 %&-line parsing enabled.
**./DATA_621_HW4_Group2.tex
(DATA_621_HW4_Group2.tex
LaTeX2e <2024-11-01> patch level 2
L3 programming layer <2025-03-26>

(C:\Users\jferrara_personal\AppData\Local\Programs\MiKTeX\tex/latex/base\articl
e.cls
Document Class: article 2024/06/29 v1.4n Standard LaTeX document class

(C:\Users\jferrara_personal\AppData\Local\Programs\MiKTeX\tex/latex/base\size10
.clo
File: size10.clo 2024/06/29 v1.4n Standard LaTeX file (size option)
)
\c@part=\count197
\c@section=\count198
\c@subsection=\count199
\c@subsubsection=\count266
\c@paragraph=\count267
\c@subparagraph=\count268
\c@figure=\count269
\c@table=\count270
\abovecaptionskip=\skip49
\belowcaptionskip=\skip50
\bibindent=\dimen146
)
(C:\Users\jferrara_personal\AppData\Local\Programs\MiKTeX\tex/latex/xcolor\xcol
or.sty
Package: xcolor 2024/09/29 v3.02 LaTeX color extensions (UK)

(C:\Users\jferrara_personal\AppData\Local\Programs\MiKTeX\tex/latex/graphics-cf
g\color.cfg
File: color.cfg 2016/01/02 v1.6 sample color configuration
)
Package xcolor Info: Driver file: pdftex.def on input line 274.

(C:\Users\jferrara_personal\AppData\Local\Programs\MiKTeX\tex/latex/graphics-de
f\pdftex.def
File: pdftex.def 2024/04/13 v1.2c Graphics/color driver for pdftex
)
(C:\Users\jferrara_personal\AppData\Local\Programs\MiKTeX\tex/latex/graphics\ma
thcolor.ltx)
Package xcolor Info: Model `cmy' substituted by `cmy0' on input line 1349.
Package xcolor Info: Model `hsb' substituted by `rgb' on input line 1353.
Package xcolor Info: Model `RGB' extended on input line 1365.
Package xcolor Info: Model `HTML' substituted by `rgb' on input line 1367.
Package xcolor Info: Model `Hsb' substituted by `hsb' on input line 1368.
Package xcolor Info: Model `tHsb' substituted by `hsb' on input line 1369.
Package xcolor Info: Model `HSB' substituted by `hsb' on input line 1370.
Package xcolor Info: Model `Gray' substituted by `gray' on input line 1371.
Package xcolor Info: Model `wave' substituted by `hsb' on input line 1372.
)
(C:\Users\jferrara_personal\AppData\Local\Programs\MiKTeX\tex/latex/graphics\dv
ipsnam.def
File: dvipsnam.def 2016/06/17 v3.0m Driver-dependent file (DPC,SPQR)
)
(C:\Users\jferrara_personal\AppData\Local\Programs\MiKTeX\tex/latex/xcolor\svgn
am.def
File: svgnam.def 2024/09/29 v3.02 Predefined colors according to SVG 1.1 (UK)
)
(C:\Users\jferrara_personal\AppData\Local\Programs\MiKTeX\tex/latex/xcolor\x11n
am.def
File: x11nam.def 2024/09/29 v3.02 Predefined colors according to Unix/X11 (UK)
)
(C:\Users\jferrara_personal\AppData\Local\Programs\MiKTeX\tex/latex/geometry\ge
ometry.sty
Package: geometry 2020/01/02 v5.9 Page Geometry

(C:\Users\jferrara_personal\AppData\Local\Programs\MiKTeX\tex/latex/graphics\ke
yval.sty
Package: keyval 2022/05/29 v1.15 key=value parser (DPC)
\KV@toks@=\toks17
)
(C:\Users\jferrara_personal\AppData\Local\Programs\MiKTeX\tex/generic/iftex\ifv
tex.sty
Package: ifvtex 2019/10/25 v1.7 ifvtex legacy package. Use iftex instead.

(C:\Users\jferrara_personal\AppData\Local\Programs\MiKTeX\tex/generic/iftex\ift
ex.sty
Package: iftex 2024/12/12 v1.0g TeX engine tests
))
\Gm@cnth=\count271
\Gm@cntv=\count272
\c@Gm@tempcnt=\count273
\Gm@bindingoffset=\dimen147
\Gm@wd@mp=\dimen148
\Gm@odd@mp=\dimen149
\Gm@even@mp=\dimen150
\Gm@layoutwidth=\dimen151
\Gm@layoutheight=\dimen152
\Gm@layouthoffset=\dimen153
\Gm@layoutvoffset=\dimen154
\Gm@dimlist=\toks18

(C:\Users\jferrara_personal\AppData\Local\Programs\MiKTeX\tex/latex/geometry\ge
ometry.cfg))
(C:\Users\jferrara_personal\AppData\Local\Programs\MiKTeX\tex/latex/amsmath\ams
math.sty
Package: amsmath 2024/11/05 v2.17t AMS math features
\@mathmargin=\skip51
For additional information on amsmath, use the `?' option.

(C:\Users\jferrara_personal\AppData\Local\Programs\MiKTeX\tex/latex/amsmath\ams
text.sty
Package: amstext 2021/08/26 v2.01 AMS text

(C:\Users\jferrara_personal\AppData\Local\Programs\MiKTeX\tex/latex/amsmath\ams
gen.sty
File: amsgen.sty 1999/11/30 v2.0 generic functions
\@emptytoks=\toks19
\ex@=\dimen155
))
(C:\Users\jferrara_personal\AppData\Local\Programs\MiKTeX\tex/latex/amsmath\ams
bsy.sty
Package: amsbsy 1999/11/29 v1.2d Bold Symbols
\pmbraise@=\dimen156
)
(C:\Users\jferrara_personal\AppData\Local\Programs\MiKTeX\tex/latex/amsmath\ams
opn.sty
Package: amsopn 2022/04/08 v2.04 operator names
)
\inf@bad=\count274
LaTeX Info: Redefining \frac on input line 233.
\uproot@=\count275
\leftroot@=\count276
LaTeX Info: Redefining \overline on input line 398.
LaTeX Info: Redefining \colon on input line 409.
\classnum@=\count277
\DOTSCASE@=\count278
LaTeX Info: Redefining \ldots on input line 495.
LaTeX Info: Redefining \dots on input line 498.
LaTeX Info: Redefining \cdots on input line 619.
\Mathstrutbox@=\box53
\strutbox@=\box54
LaTeX Info: Redefining \big on input line 721.
LaTeX Info: Redefining \Big on input line 722.
LaTeX Info: Redefining \bigg on input line 723.
LaTeX Info: Redefining \Bigg on input line 724.
\big@size=\dimen157
LaTeX Font Info:    Redeclaring font encoding OML on input line 742.
LaTeX Font Info:    Redeclaring font encoding OMS on input line 743.
\macc@depth=\count279
LaTeX Info: Redefining \bmod on input line 904.
LaTeX Info: Redefining \pmod on input line 909.
LaTeX Info: Redefining \smash on input line 939.
LaTeX Info: Redefining \relbar on input line 969.
LaTeX Info: Redefining \Relbar on input line 970.
\c@MaxMatrixCols=\count280
\dotsspace@=\muskip17
\c@parentequation=\count281
\dspbrk@lvl=\count282
\tag@help=\toks20
\row@=\count283
\column@=\count284
\maxfields@=\count285
\andhelp@=\toks21
\eqnshift@=\dimen158
\alignsep@=\dimen159
\tagshift@=\dimen160
\tagwidth@=\dimen161
\totwidth@=\dimen162
\lineht@=\dimen163
\@envbody=\toks22
\multlinegap=\skip52
\multlinetaggap=\skip53
\mathdisplay@stack=\toks23
LaTeX Info: Redefining \[ on input line 2953.
LaTeX Info: Redefining \] on input line 2954.
)
(C:\Users\jferrara_personal\AppData\Local\Programs\MiKTeX\tex/latex/amsfonts\am
ssymb.sty
Package: amssymb 2013/01/14 v3.01 AMS font symbols

(C:\Users\jferrara_personal\AppData\Local\Programs\MiKTeX\tex/latex/amsfonts\am
sfonts.sty
Package: amsfonts 2013/01/14 v3.01 Basic AMSFonts support
\symAMSa=\mathgroup4
\symAMSb=\mathgroup5
LaTeX Font Info:    Redeclaring math symbol \hbar on input line 98.
LaTeX Font Info:    Overwriting math alphabet `\mathfrak' in version `bold'
(Font)                  U/euf/m/n --> U/euf/b/n on input line 106.
))
(C:\Users\jferrara_personal\AppData\Local\Programs\MiKTeX\tex/latex/base\fonten
c.sty
Package: fontenc 2021/04/29 v2.0v Standard LaTeX package
)
(C:\Users\jferrara_personal\AppData\Local\Programs\MiKTeX\tex/latex/base\inpute
nc.sty
Package: inputenc 2024/02/08 v1.3d Input encoding file
\inpenc@prehook=\toks24
\inpenc@posthook=\toks25
)
(C:\Users\jferrara_personal\AppData\Local\Programs\MiKTeX\tex/latex/base\textco
mp.sty
Package: textcomp 2024/04/24 v2.1b Standard LaTeX package
)
(C:\Users\jferrara_personal\AppData\Local\Programs\MiKTeX\tex/latex/lm\lmodern.
sty
Package: lmodern 2015/05/01 v1.6.1 Latin Modern Fonts
LaTeX Font Info:    Overwriting symbol font `operators' in version `normal'
(Font)                  OT1/cmr/m/n --> OT1/lmr/m/n on input line 22.
LaTeX Font Info:    Overwriting symbol font `letters' in version `normal'
(Font)                  OML/cmm/m/it --> OML/lmm/m/it on input line 23.
LaTeX Font Info:    Overwriting symbol font `symbols' in version `normal'
(Font)                  OMS/cmsy/m/n --> OMS/lmsy/m/n on input line 24.
LaTeX Font Info:    Overwriting symbol font `largesymbols' in version `normal'
(Font)                  OMX/cmex/m/n --> OMX/lmex/m/n on input line 25.
LaTeX Font Info:    Overwriting symbol font `operators' in version `bold'
(Font)                  OT1/cmr/bx/n --> OT1/lmr/bx/n on input line 26.
LaTeX Font Info:    Overwriting symbol font `letters' in version `bold'
(Font)                  OML/cmm/b/it --> OML/lmm/b/it on input line 27.
LaTeX Font Info:    Overwriting symbol font `symbols' in version `bold'
(Font)                  OMS/cmsy/b/n --> OMS/lmsy/b/n on input line 28.
LaTeX Font Info:    Overwriting symbol font `largesymbols' in version `bold'
(Font)                  OMX/cmex/m/n --> OMX/lmex/m/n on input line 29.
LaTeX Font Info:    Overwriting math alphabet `\mathbf' in version `normal'
(Font)                  OT1/cmr/bx/n --> OT1/lmr/bx/n on input line 31.
LaTeX Font Info:    Overwriting math alphabet `\mathsf' in version `normal'
(Font)                  OT1/cmss/m/n --> OT1/lmss/m/n on input line 32.
LaTeX Font Info:    Overwriting math alphabet `\mathit' in version `normal'
(Font)                  OT1/cmr/m/it --> OT1/lmr/m/it on input line 33.
LaTeX Font Info:    Overwriting math alphabet `\mathtt' in version `normal'
(Font)                  OT1/cmtt/m/n --> OT1/lmtt/m/n on input line 34.
LaTeX Font Info:    Overwriting math alphabet `\mathbf' in version `bold'
(Font)                  OT1/cmr/bx/n --> OT1/lmr/bx/n on input line 35.
LaTeX Font Info:    Overwriting math alphabet `\mathsf' in version `bold'
(Font)                  OT1/cmss/bx/n --> OT1/lmss/bx/n on input line 36.
LaTeX Font Info:    Overwriting math alphabet `\mathit' in version `bold'
(Font)                  OT1/cmr/bx/it --> OT1/lmr/bx/it on input line 37.
LaTeX Font Info:    Overwriting math alphabet `\mathtt' in version `bold'
(Font)                  OT1/cmtt/m/n --> OT1/lmtt/m/n on input line 38.
)
(C:\Users\jferrara_personal\AppData\Local\Programs\MiKTeX\tex/latex/upquote\upq
uote.sty
Package: upquote 2012/04/19 v1.3 upright-quote and grave-accent glyphs in verba
tim
)
(C:\Users\jferrara_personal\AppData\Local\Programs\MiKTeX\tex/latex/microtype\m
icrotype.sty
Package: microtype 2025/02/11 v3.2a Micro-typographical refinements (RS)

(C:\Users\jferrara_personal\AppData\Local\Programs\MiKTeX\tex/latex/etoolbox\et
oolbox.sty
Package: etoolbox 2025/02/11 v2.5l e-TeX tools for LaTeX (JAW)
\etb@tempcnta=\count286
)
\MT@toks=\toks26
\MT@tempbox=\box55
\MT@count=\count287
LaTeX Info: Redefining \noprotrusionifhmode on input line 1087.
LaTeX Info: Redefining \leftprotrusion on input line 1088.
\MT@prot@toks=\toks27
LaTeX Info: Redefining \rightprotrusion on input line 1107.
LaTeX Info: Redefining \textls on input line 1449.
\MT@outer@kern=\dimen164
LaTeX Info: Redefining \microtypecontext on input line 2053.
LaTeX Info: Redefining \textmicrotypecontext on input line 2070.
\MT@listname@count=\count288

(C:\Users\jferrara_personal\AppData\Local\Programs\MiKTeX\tex/latex/microtype\m
icrotype-pdftex.def
File: microtype-pdftex.def 2025/02/11 v3.2a Definitions specific to pdftex (RS)

LaTeX Info: Redefining \lsstyle on input line 944.
LaTeX Info: Redefining \lslig on input line 944.
\MT@outer@space=\skip54
)
Package microtype Info: Loading configuration file microtype.cfg.

(C:\Users\jferrara_personal\AppData\Local\Programs\MiKTeX\tex/latex/microtype\m
icrotype.cfg
File: microtype.cfg 2025/02/11 v3.2a microtype main configuration file (RS)
)
LaTeX Info: Redefining \microtypesetup on input line 3065.
)
(C:\Users\jferrara_personal\AppData\Local\Programs\MiKTeX\tex/latex/parskip\par
skip.sty
Package: parskip 2021-03-14 v2.0h non-zero parskip adjustments

(C:\Users\jferrara_personal\AppData\Local\Programs\MiKTeX\tex/latex/kvoptions\k
voptions.sty
Package: kvoptions 2022-06-15 v3.15 Key value format for package options (HO)

(C:\Users\jferrara_personal\AppData\Local\Programs\MiKTeX\tex/generic/ltxcmds\l
txcmds.sty
Package: ltxcmds 2023-12-04 v1.26 LaTeX kernel commands for general use (HO)
)
(C:\Users\jferrara_personal\AppData\Local\Programs\MiKTeX\tex/latex/kvsetkeys\k
vsetkeys.sty
Package: kvsetkeys 2022-10-05 v1.19 Key value parser (HO)
)))
(C:\Users\jferrara_personal\AppData\Local\Programs\MiKTeX\tex/latex/fancyvrb\fa
ncyvrb.sty
Package: fancyvrb 2024/01/20 4.5c verbatim text (tvz,hv)
\FV@CodeLineNo=\count289
\FV@InFile=\read2
\FV@TabBox=\box56
\c@FancyVerbLine=\count290
\FV@StepNumber=\count291
\FV@OutFile=\write3
)
(C:\Users\jferrara_personal\AppData\Local\Programs\MiKTeX\tex/latex/framed\fram
ed.sty
Package: framed 2011/10/22 v 0.96: framed or shaded text with page breaks
\OuterFrameSep=\skip55
\fb@frw=\dimen165
\fb@frh=\dimen166
\FrameRule=\dimen167
\FrameSep=\dimen168
)
(C:\Users\jferrara_personal\AppData\Local\Programs\MiKTeX\tex/latex/tools\longt
able.sty
Package: longtable 2024-10-27 v4.22 Multi-page Table package (DPC)
\LTleft=\skip56
\LTright=\skip57
\LTpre=\skip58
\LTpost=\skip59
\LTchunksize=\count292
\LTcapwidth=\dimen169
\LT@head=\box57
\LT@firsthead=\box58
\LT@foot=\box59
\LT@lastfoot=\box60
\LT@gbox=\box61
\LT@cols=\count293
\LT@rows=\count294
\c@LT@tables=\count295
\c@LT@chunks=\count296
\LT@p@ftn=\toks28
)
(C:\Users\jferrara_personal\AppData\Local\Programs\MiKTeX\tex/latex/booktabs\bo
oktabs.sty
Package: booktabs 2020/01/12 v1.61803398 Publication quality tables
\heavyrulewidth=\dimen170
\lightrulewidth=\dimen171
\cmidrulewidth=\dimen172
\belowrulesep=\dimen173
\belowbottomsep=\dimen174
\aboverulesep=\dimen175
\abovetopsep=\dimen176
\cmidrulesep=\dimen177
\cmidrulekern=\dimen178
\defaultaddspace=\dimen179
\@cmidla=\count297
\@cmidlb=\count298
\@aboverulesep=\dimen180
\@belowrulesep=\dimen181
\@thisruleclass=\count299
\@lastruleclass=\count300
\@thisrulewidth=\dimen182
)
(C:\Users\jferrara_personal\AppData\Local\Programs\MiKTeX\tex/latex/tools\array
.sty
Package: array 2024/10/17 v2.6g Tabular extension package (FMi)
\col@sep=\dimen183
\ar@mcellbox=\box62
\extrarowheight=\dimen184
\NC@list=\toks29
\extratabsurround=\skip60
\backup@length=\skip61
\ar@cellbox=\box63
)
(C:\Users\jferrara_personal\AppData\Local\Programs\MiKTeX\tex/latex/tools\calc.
sty
Package: calc 2023/07/08 v4.3 Infix arithmetic (KKT,FJ)
\calc@Acount=\count301
\calc@Bcount=\count302
\calc@Adimen=\dimen185
\calc@Bdimen=\dimen186
\calc@Askip=\skip62
\calc@Bskip=\skip63
LaTeX Info: Redefining \setlength on input line 80.
LaTeX Info: Redefining \addtolength on input line 81.
\calc@Ccount=\count303
\calc@Cskip=\skip64
)
(C:\Users\jferrara_personal\AppData\Local\Programs\MiKTeX\tex/latex/footnotehyp
er\footnotehyper.sty
Package: footnotehyper 2021/08/13 v1.1e hyperref aware footnote.sty (JFB)
\FNH@notes=\box64
\FNH@width=\dimen187
\FNH@toks=\toks30
)
(C:\Users\jferrara_personal\AppData\Local\Programs\MiKTeX\tex/latex/graphics\gr
aphicx.sty
Package: graphicx 2021/09/16 v1.2d Enhanced LaTeX Graphics (DPC,SPQR)

(C:\Users\jferrara_personal\AppData\Local\Programs\MiKTeX\tex/latex/graphics\gr
aphics.sty
Package: graphics 2024/08/06 v1.4g Standard LaTeX Graphics (DPC,SPQR)

(C:\Users\jferrara_personal\AppData\Local\Programs\MiKTeX\tex/latex/graphics\tr
ig.sty
Package: trig 2023/12/02 v1.11 sin cos tan (DPC)
)
(C:\Users\jferrara_personal\AppData\Local\Programs\MiKTeX\tex/latex/graphics-cf
g\graphics.cfg
File: graphics.cfg 2016/06/04 v1.11 sample graphics configuration
)
Package graphics Info: Driver file: pdftex.def on input line 106.
)
\Gin@req@height=\dimen188
\Gin@req@width=\dimen189
)
\pandoc@box=\box65

(C:\Users\jferrara_personal\AppData\Local\Programs\MiKTeX\tex/latex/pdflscape\p
dflscape.sty
Package: pdflscape 2022-10-27 v0.13 Display of landscape pages in PDF

(C:\Users\jferrara_personal\AppData\Local\Programs\MiKTeX\tex/latex/pdflscape\p
dflscape-nometadata.sty
Package: pdflscape-nometadata 2022-10-28 v0.13 Display of landscape pages in PD
F (HO)

(C:\Users\jferrara_personal\AppData\Local\Programs\MiKTeX\tex/latex/graphics\ls
cape.sty
Package: lscape 2020/05/28 v3.02 Landscape Pages (DPC)
)
Package pdflscape Info: Auto-detected driver: pdftex on input line 81.
))
(C:\Users\jferrara_personal\AppData\Local\Programs\MiKTeX\tex/latex/multirow\mu
ltirow.sty
Package: multirow 2024/11/12 v2.9 Span multiple rows of a table
\multirow@colwidth=\skip65
\multirow@cntb=\count304
\multirow@dima=\skip66
\bigstrutjot=\dimen190
)
(C:\Users\jferrara_personal\AppData\Local\Programs\MiKTeX\tex/latex/wrapfig\wra
pfig.sty
\wrapoverhang=\dimen191
\WF@size=\dimen192
\c@WF@wrappedlines=\count305
\WF@box=\box66
\WF@everypar=\toks31
Package: wrapfig 2003/01/31  v 3.6
)
(C:\Users\jferrara_personal\AppData\Local\Programs\MiKTeX\tex/latex/float\float
.sty
Package: float 2001/11/08 v1.3d Float enhancements (AL)
\c@float@type=\count306
\float@exts=\toks32
\float@box=\box67
\@float@everytoks=\toks33
\@floatcapt=\box68
)
(C:\Users\jferrara_personal\AppData\Local\Programs\MiKTeX\tex/latex/colortbl\co
lortbl.sty
Package: colortbl 2024/07/06 v1.0i Color table columns (DPC)
\everycr=\toks34
\minrowclearance=\skip67
\rownum=\count307
)
(C:\Users\jferrara_personal\AppData\Local\Programs\MiKTeX\tex/latex/tabu\tabu.s
ty
Package: tabu 2019/01/11 v2.9 - flexible LaTeX tabulars (FC+tabu-fixed)

(C:\Users\jferrara_personal\AppData\Local\Programs\MiKTeX\tex/latex/varwidth\va
rwidth.sty
Package: varwidth 2009/03/30 ver 0.92;  Variable-width minipages
\@vwid@box=\box69
\sift@deathcycles=\count308
\@vwid@loff=\dimen193
\@vwid@roff=\dimen194
)
\c@taburow=\count309
\tabu@nbcols=\count310
\tabu@cnt=\count311
\tabu@Xcol=\count312
\tabu@alloc=\count313
\tabu@nested=\count314
\tabu@target=\dimen195
\tabu@spreadtarget=\dimen196
\tabu@naturalX=\dimen197
\tabucolX=\dimen198
\tabu@Xsum=\dimen199
\extrarowdepth=\dimen256
\abovetabulinesep=\dimen257
\belowtabulinesep=\dimen258
\tabustrutrule=\dimen259
\tabu@thebody=\toks35
\tabu@footnotes=\toks36
\tabu@box=\box70
\tabu@arstrutbox=\box71
\tabu@hleads=\box72
\tabu@vleads=\box73
\tabu@cellskip=\skip68
)
(C:\Users\jferrara_personal\AppData\Local\Programs\MiKTeX\tex/latex/threepartta
ble\threeparttable.sty
Package: threeparttable 2003/06/13  v 3.0
\@tempboxb=\box74
)
(C:\Users\jferrara_personal\AppData\Local\Programs\MiKTeX\tex/latex/threepartta
blex\threeparttablex.sty
Package: threeparttablex 2013/07/23 v0.3 by daleif

(C:\Users\jferrara_personal\AppData\Local\Programs\MiKTeX\tex/latex/environ\env
iron.sty
Package: environ 2014/05/04 v0.3 A new way to define environments

(C:\Users\jferrara_personal\AppData\Local\Programs\MiKTeX\tex/latex/trimspaces\
trimspaces.sty
Package: trimspaces 2009/09/17 v1.1 Trim spaces around a token list
))
\TPTL@width=\skip69
)
(C:\Users\jferrara_personal\AppData\Local\Programs\MiKTeX\tex/latex/ulem\ulem.s
ty
\UL@box=\box75
\UL@hyphenbox=\box76
\UL@skip=\skip70
\UL@hook=\toks37
\UL@height=\dimen260
\UL@pe=\count315
\UL@pixel=\dimen261
\ULC@box=\box77
Package: ulem 2019/11/18
\ULdepth=\dimen262
)
(C:\Users\jferrara_personal\AppData\Local\Programs\MiKTeX\tex/latex/makecell\ma
kecell.sty
Package: makecell 2009/08/03 V0.1e Managing of Tab Column Heads and Cells
\rotheadsize=\dimen263
\c@nlinenum=\count316
\TeXr@lab=\toks38
)
(C:\Users\jferrara_personal\AppData\Local\Programs\MiKTeX\tex/latex/bookmark\bo
okmark.sty
Package: bookmark 2023-12-10 v1.31 PDF bookmarks (HO)

(C:\Users\jferrara_personal\AppData\Local\Programs\MiKTeX\tex/latex/hyperref\hy
perref.sty
Package: hyperref 2024-11-05 v7.01l Hypertext links for LaTeX

(C:\Users\jferrara_personal\AppData\Local\Programs\MiKTeX\tex/generic/kvdefinek
eys\kvdefinekeys.sty
Package: kvdefinekeys 2019-12-19 v1.6 Define keys (HO)
)
(C:\Users\jferrara_personal\AppData\Local\Programs\MiKTeX\tex/generic/pdfescape
\pdfescape.sty
Package: pdfescape 2019/12/09 v1.15 Implements pdfTeX's escape features (HO)

(C:\Users\jferrara_personal\AppData\Local\Programs\MiKTeX\tex/generic/pdftexcmd
s\pdftexcmds.sty
Package: pdftexcmds 2020-06-27 v0.33 Utility functions of pdfTeX for LuaTeX (HO
)

(C:\Users\jferrara_personal\AppData\Local\Programs\MiKTeX\tex/generic/infwarerr
\infwarerr.sty
Package: infwarerr 2019/12/03 v1.5 Providing info/warning/error messages (HO)
)
Package pdftexcmds Info: \pdf@primitive is available.
Package pdftexcmds Info: \pdf@ifprimitive is available.
Package pdftexcmds Info: \pdfdraftmode found.
))
(C:\Users\jferrara_personal\AppData\Local\Programs\MiKTeX\tex/latex/hycolor\hyc
olor.sty
Package: hycolor 2020-01-27 v1.10 Color options for hyperref/bookmark (HO)
)
(C:\Users\jferrara_personal\AppData\Local\Programs\MiKTeX\tex/latex/hyperref\na
meref.sty
Package: nameref 2023-11-26 v2.56 Cross-referencing by name of section

(C:\Users\jferrara_personal\AppData\Local\Programs\MiKTeX\tex/latex/refcount\re
fcount.sty
Package: refcount 2019/12/15 v3.6 Data extraction from label references (HO)
)
(C:\Users\jferrara_personal\AppData\Local\Programs\MiKTeX\tex/generic/gettitles
tring\gettitlestring.sty
Package: gettitlestring 2019/12/15 v1.6 Cleanup title references (HO)
)
\c@section@level=\count317
)
(C:\Users\jferrara_personal\AppData\Local\Programs\MiKTeX\tex/generic/stringenc
\stringenc.sty
Package: stringenc 2019/11/29 v1.12 Convert strings between diff. encodings (HO
)
)
\@linkdim=\dimen264
\Hy@linkcounter=\count318
\Hy@pagecounter=\count319

(C:\Users\jferrara_personal\AppData\Local\Programs\MiKTeX\tex/latex/hyperref\pd
1enc.def
File: pd1enc.def 2024-11-05 v7.01l Hyperref: PDFDocEncoding definition (HO)
Now handling font encoding PD1 ...
... no UTF-8 mapping file for font encoding PD1
)
(C:\Users\jferrara_personal\AppData\Local\Programs\MiKTeX\tex/generic/intcalc\i
ntcalc.sty
Package: intcalc 2019/12/15 v1.3 Expandable calculations with integers (HO)
)
\Hy@SavedSpaceFactor=\count320

(C:\Users\jferrara_personal\AppData\Local\Programs\MiKTeX\tex/latex/hyperref\pu
enc.def
File: puenc.def 2024-11-05 v7.01l Hyperref: PDF Unicode definition (HO)
Now handling font encoding PU ...
... no UTF-8 mapping file for font encoding PU
)
Package hyperref Info: Option `unicode' set `true' on input line 4040.
Package hyperref Info: Hyper figures OFF on input line 4157.
Package hyperref Info: Link nesting OFF on input line 4162.
Package hyperref Info: Hyper index ON on input line 4165.
Package hyperref Info: Plain pages OFF on input line 4172.
Package hyperref Info: Backreferencing OFF on input line 4177.
Package hyperref Info: Implicit mode ON; LaTeX internals redefined.
Package hyperref Info: Bookmarks ON on input line 4424.
\c@Hy@tempcnt=\count321

(C:\Users\jferrara_personal\AppData\Local\Programs\MiKTeX\tex/latex/url\url.sty
\Urlmuskip=\muskip18
Package: url 2013/09/16  ver 3.4  Verb mode for urls, etc.
)
LaTeX Info: Redefining \url on input line 4763.
\XeTeXLinkMargin=\dimen265

(C:\Users\jferrara_personal\AppData\Local\Programs\MiKTeX\tex/generic/bitset\bi
tset.sty
Package: bitset 2019/12/09 v1.3 Handle bit-vector datatype (HO)

(C:\Users\jferrara_personal\AppData\Local\Programs\MiKTeX\tex/generic/bigintcal
c\bigintcalc.sty
Package: bigintcalc 2019/12/15 v1.5 Expandable calculations on big integers (HO
)
))
\Fld@menulength=\count322
\Field@Width=\dimen266
\Fld@charsize=\dimen267
Package hyperref Info: Hyper figures OFF on input line 6042.
Package hyperref Info: Link nesting OFF on input line 6047.
Package hyperref Info: Hyper index ON on input line 6050.
Package hyperref Info: backreferencing OFF on input line 6057.
Package hyperref Info: Link coloring OFF on input line 6062.
Package hyperref Info: Link coloring with OCG OFF on input line 6067.
Package hyperref Info: PDF/A mode OFF on input line 6072.

(C:\Users\jferrara_personal\AppData\Local\Programs\MiKTeX\tex/latex/base\atbegs
hi-ltx.sty
Package: atbegshi-ltx 2021/01/10 v1.0c Emulation of the original atbegshi
package with kernel methods
)
\Hy@abspage=\count323
\c@Item=\count324
\c@Hfootnote=\count325
)
Package hyperref Info: Driver (autodetected): hpdftex.

(C:\Users\jferrara_personal\AppData\Local\Programs\MiKTeX\tex/latex/hyperref\hp
dftex.def
File: hpdftex.def 2024-11-05 v7.01l Hyperref driver for pdfTeX

(C:\Users\jferrara_personal\AppData\Local\Programs\MiKTeX\tex/latex/base\atvery
end-ltx.sty
Package: atveryend-ltx 2020/08/19 v1.0a Emulation of the original atveryend pac
kage
with kernel methods
)
\Fld@listcount=\count326
\c@bookmark@seq@number=\count327

(C:\Users\jferrara_personal\AppData\Local\Programs\MiKTeX\tex/latex/rerunfilech
eck\rerunfilecheck.sty
Package: rerunfilecheck 2022-07-10 v1.10 Rerun checks for auxiliary files (HO)

(C:\Users\jferrara_personal\AppData\Local\Programs\MiKTeX\tex/generic/uniquecou
nter\uniquecounter.sty
Package: uniquecounter 2019/12/15 v1.4 Provide unlimited unique counter (HO)
)
Package uniquecounter Info: New unique counter `rerunfilecheck' on input line 2
85.
)
\Hy@SectionHShift=\skip71
)
(C:\Users\jferrara_personal\AppData\Local\Programs\MiKTeX\tex/latex/bookmark\bk
m-pdftex.def
File: bkm-pdftex.def 2023-12-10 v1.31 bookmark driver for pdfTeX and luaTeX (HO
)
\BKM@id=\count328
))
(C:\Users\jferrara_personal\AppData\Local\Programs\MiKTeX\tex/latex/xurl\xurl.s
ty
Package: xurl 2022/01/09 v 0.10 modify URL breaks
)
Package hyperref Info: Option `colorlinks' set `true' on input line 134.
LaTeX Font Info:    Trying to load font information for T1+lmr on input line 14
0.

(C:\Users\jferrara_personal\AppData\Local\Programs\MiKTeX\tex/latex/lm\t1lmr.fd
File: t1lmr.fd 2015/05/01 v1.6.1 Font defs for Latin Modern
)
(C:\Users\jferrara_personal\AppData\Local\Programs\MiKTeX\tex/latex/l3backend\l
3backend-pdftex.def
File: l3backend-pdftex.def 2025-03-14 L3 backend support: PDF output (pdfTeX)
\l__color_backend_stack_int=\count329
) (DATA_621_HW4_Group2.aux

LaTeX Warning: Label `tab:string-dollar-numeric' multiply defined.


LaTeX Warning: Label `tab:remove-string' multiply defined.


LaTeX Warning: Label `tab:factors' multiply defined.

)
\openout1 = `DATA_621_HW4_Group2.aux'.

LaTeX Font Info:    Checking defaults for OML/cmm/m/it on input line 140.
LaTeX Font Info:    ... okay on input line 140.
LaTeX Font Info:    Checking defaults for OMS/cmsy/m/n on input line 140.
LaTeX Font Info:    ... okay on input line 140.
LaTeX Font Info:    Checking defaults for OT1/cmr/m/n on input line 140.
LaTeX Font Info:    ... okay on input line 140.
LaTeX Font Info:    Checking defaults for T1/cmr/m/n on input line 140.
LaTeX Font Info:    ... okay on input line 140.
LaTeX Font Info:    Checking defaults for TS1/cmr/m/n on input line 140.
LaTeX Font Info:    ... okay on input line 140.
LaTeX Font Info:    Checking defaults for OMX/cmex/m/n on input line 140.
LaTeX Font Info:    ... okay on input line 140.
LaTeX Font Info:    Checking defaults for U/cmr/m/n on input line 140.
LaTeX Font Info:    ... okay on input line 140.
LaTeX Font Info:    Checking defaults for PD1/pdf/m/n on input line 140.
LaTeX Font Info:    ... okay on input line 140.
LaTeX Font Info:    Checking defaults for PU/pdf/m/n on input line 140.
LaTeX Font Info:    ... okay on input line 140.

(C:\Users\jferrara_personal\AppData\Local\Programs\MiKTeX\tex/context/base/mkii
\supp-pdf.mkii
[Loading MPS to PDF converter (version 2006.09.02).]
\scratchcounter=\count330
\scratchdimen=\dimen268
\scratchbox=\box78
\nofMPsegments=\count331
\nofMParguments=\count332
\everyMPshowfont=\toks39
\MPscratchCnt=\count333
\MPscratchDim=\dimen269
\MPnumerator=\count334
\makeMPintoPDFobject=\count335
\everyMPtoPDFconversion=\toks40
)
(C:\Users\jferrara_personal\AppData\Local\Programs\MiKTeX\tex/latex/epstopdf-pk
g\epstopdf-base.sty
Package: epstopdf-base 2020-01-24 v2.11 Base part for package epstopdf
Package epstopdf-base Info: Redefining graphics rule for `.eps' on input line 4
85.

(C:\Users\jferrara_personal\AppData\Local\Programs\MiKTeX\tex/latex/00miktex\ep
stopdf-sys.cfg
File: epstopdf-sys.cfg 2021/03/18 v2.0 Configuration of epstopdf for MiKTeX
))
*geometry* driver: auto-detecting
*geometry* detected driver: pdftex
*geometry* verbose mode - [ preamble ] result:
* driver: pdftex
* paper: <default>
* layout: <same size as paper>
* layoutoffset:(h,v)=(0.0pt,0.0pt)
* modes: 
* h-part:(L,W,R)=(72.26999pt, 469.75502pt, 72.26999pt)
* v-part:(T,H,B)=(72.26999pt, 650.43001pt, 72.26999pt)
* \paperwidth=614.295pt
* \paperheight=794.96999pt
* \textwidth=469.75502pt
* \textheight=650.43001pt
* \oddsidemargin=0.0pt
* \evensidemargin=0.0pt
* \topmargin=-37.0pt
* \headheight=12.0pt
* \headsep=25.0pt
* \topskip=10.0pt
* \footskip=30.0pt
* \marginparwidth=65.0pt
* \marginparsep=11.0pt
* \columnsep=10.0pt
* \skip\footins=9.0pt plus 4.0pt minus 2.0pt
* \hoffset=0.0pt
* \voffset=0.0pt
* \mag=1000
* \@twocolumnfalse
* \@twosidefalse
* \@mparswitchfalse
* \@reversemarginfalse
* (1in=72.27pt=25.4mm, 1cm=28.453pt)

Package microtype Info: Patching varwidth to enable character protrusion.
\MT@vwid@leftmargin=\dimen270
\MT@vwid@rightmargin=\dimen271
LaTeX Info: Redefining \microtypecontext on input line 140.
Package microtype Info: Applying patch `item' on input line 140.
Package microtype Info: Applying patch `toc' on input line 140.
Package microtype Info: Applying patch `eqnum' on input line 140.
Package microtype Info: Applying patch `footnote' on input line 140.
Package microtype Info: Applying patch `verbatim' on input line 140.
LaTeX Info: Redefining \microtypesetup on input line 140.
Package microtype Info: Generating PDF output.
Package microtype Info: Character protrusion enabled (level 2).
Package microtype Info: Using protrusion set `basicmath'.
Package microtype Info: Automatic font expansion enabled (level 2),
(microtype)             stretch: 20, shrink: 20, step: 1, non-selected.
Package microtype Info: Using default expansion set `alltext-nott'.
LaTeX Info: Redefining \showhyphens on input line 140.
Package microtype Info: No adjustment of tracking.
Package microtype Info: No adjustment of interword spacing.
Package microtype Info: No adjustment of character kerning.

(C:\Users\jferrara_personal\AppData\Local\Programs\MiKTeX\tex/latex/microtype\m
t-cmr.cfg
File: mt-cmr.cfg 2013/05/19 v2.2 microtype config. file: Computer Modern Roman 
(RS)
)
Package hyperref Info: Link coloring ON on input line 140.
LaTeX Font Info:    Trying to load font information for OT1+lmr on input line 1
42.

(C:\Users\jferrara_personal\AppData\Local\Programs\MiKTeX\tex/latex/lm\ot1lmr.f
d
File: ot1lmr.fd 2015/05/01 v1.6.1 Font defs for Latin Modern
)
LaTeX Font Info:    Trying to load font information for OML+lmm on input line 1
42.

(C:\Users\jferrara_personal\AppData\Local\Programs\MiKTeX\tex/latex/lm\omllmm.f
d
File: omllmm.fd 2015/05/01 v1.6.1 Font defs for Latin Modern
)
LaTeX Font Info:    Trying to load font information for OMS+lmsy on input line 
142.

(C:\Users\jferrara_personal\AppData\Local\Programs\MiKTeX\tex/latex/lm\omslmsy.
fd
File: omslmsy.fd 2015/05/01 v1.6.1 Font defs for Latin Modern
)
LaTeX Font Info:    Trying to load font information for OMX+lmex on input line 
142.

(C:\Users\jferrara_personal\AppData\Local\Programs\MiKTeX\tex/latex/lm\omxlmex.
fd
File: omxlmex.fd 2015/05/01 v1.6.1 Font defs for Latin Modern
)
LaTeX Font Info:    External font `lmex10' loaded for size
(Font)              <12> on input line 142.
LaTeX Font Info:    External font `lmex10' loaded for size
(Font)              <8> on input line 142.
LaTeX Font Info:    External font `lmex10' loaded for size
(Font)              <6> on input line 142.
LaTeX Font Info:    Trying to load font information for U+msa on input line 142
.

(C:\Users\jferrara_personal\AppData\Local\Programs\MiKTeX\tex/latex/amsfonts\um
sa.fd
File: umsa.fd 2013/01/14 v3.01 AMS symbols A
)
(C:\Users\jferrara_personal\AppData\Local\Programs\MiKTeX\tex/latex/microtype\m
t-msa.cfg
File: mt-msa.cfg 2006/02/04 v1.1 microtype config. file: AMS symbols (a) (RS)
)
LaTeX Font Info:    Trying to load font information for U+msb on input line 142
.

(C:\Users\jferrara_personal\AppData\Local\Programs\MiKTeX\tex/latex/amsfonts\um
sb.fd
File: umsb.fd 2013/01/14 v3.01 AMS symbols B
)
(C:\Users\jferrara_personal\AppData\Local\Programs\MiKTeX\tex/latex/microtype\m
t-msb.cfg
File: mt-msb.cfg 2005/06/01 v1.0 microtype config. file: AMS symbols (b) (RS)
)
LaTeX Font Info:    Trying to load font information for T1+lmtt on input line 1
46.

(C:\Users\jferrara_personal\AppData\Local\Programs\MiKTeX\tex/latex/lm\t1lmtt.f
d
File: t1lmtt.fd 2015/05/01 v1.6.1 Font defs for Latin Modern
)
LaTeX Font Info:    Font shape `T1/lmtt/bx/n' in size <10> not available
(Font)              Font shape `T1/lmtt/b/n' tried instead on input line 147.


[1

{C:/Users/jferrara_personal/AppData/Local/MiKTeX/fonts/map/pdftex/pdftex.map}{C
:/Users/jferrara_personal/AppData/Local/Programs/MiKTeX/fonts/enc/dvips/lm/lm-e
c.enc}]
Overfull \hbox (6.25087pt too wide) in paragraph at lines 216--217
[]\T1/lmr/bx/n/10 (-20) VARIABLE  
 []


Overfull \hbox (4.79195pt too wide) in paragraph at lines 227--227
[]|\T1/lmtt/m/n/10 TARGET_FLAG|  
 []



[2]

[3]
LaTeX Font Info:    External font `lmex10' loaded for size
(Font)              <10> on input line 291.
LaTeX Font Info:    External font `lmex10' loaded for size
(Font)              <7> on input line 291.
LaTeX Font Info:    External font `lmex10' loaded for size
(Font)              <5> on input line 291.

Overfull \hbox (1004.24588pt too wide) in paragraph at lines 291--310
 [][] 
 []



[4

]
Overfull \hbox (1009.80132pt too wide) in paragraph at lines 317--336
 [][] 
 []



[5


]

[6

]
Overfull \hbox (958.79039pt too wide) in paragraph at lines 352--371
 [][] 
 []



[7

]

[8

]
LaTeX Font Info:    Trying to load font information for TS1+lmr on input line 4
85.

(C:\Users\jferrara_personal\AppData\Local\Programs\MiKTeX\tex/latex/lm\ts1lmr.f
d
File: ts1lmr.fd 2015/05/01 v1.6.1 Font defs for Latin Modern
)

[9{C:/Users/jferrara_personal/AppData/Local/Programs/MiKTeX/fonts/enc/dvips/lm/
lm-ts1.enc}]
Overfull \hbox (25.07457pt too wide) in paragraph at lines 554--589
 [][] 
 []



[10

]
<DATA_621_HW4_Group2_files/figure-latex/density-1.pdf, id=72, 469.755pt x 325.2
15pt>
File: DATA_621_HW4_Group2_files/figure-latex/density-1.pdf Graphic file (type p
df)
<use DATA_621_HW4_Group2_files/figure-latex/density-1.pdf>
Package pdftex.def Info: DATA_621_HW4_Group2_files/figure-latex/density-1.pdf  
used on input line 608.
(pdftex.def)             Requested size: 469.75386pt x 325.2142pt.
<DATA_621_HW4_Group2_files/figure-latex/bar-1.pdf, id=73, 722.7pt x 361.35pt>
File: DATA_621_HW4_Group2_files/figure-latex/bar-1.pdf Graphic file (type pdf)
<use DATA_621_HW4_Group2_files/figure-latex/bar-1.pdf>
Package pdftex.def Info: DATA_621_HW4_Group2_files/figure-latex/bar-1.pdf  used
 on input line 625.
(pdftex.def)             Requested size: 722.69823pt x 361.34912pt.


[11

 <./DATA_621_HW4_Group2_files/figure-latex/density-1.pdf>]
<DATA_621_HW4_Group2_files/figure-latex/boxplot-1.pdf, id=84, 469.755pt x 325.2
15pt>
File: DATA_621_HW4_Group2_files/figure-latex/boxplot-1.pdf Graphic file (type p
df)
<use DATA_621_HW4_Group2_files/figure-latex/boxplot-1.pdf>
Package pdftex.def Info: DATA_621_HW4_Group2_files/figure-latex/boxplot-1.pdf  
used on input line 640.
(pdftex.def)             Requested size: 469.75386pt x 325.2142pt.


[12 <./DATA_621_HW4_Group2_files/figure-latex/bar-1.pdf>]
<DATA_621_HW4_Group2_files/figure-latex/corr-plot-1.pdf, id=94, 469.755pt x 325
.215pt>
File: DATA_621_HW4_Group2_files/figure-latex/corr-plot-1.pdf Graphic file (type
 pdf)
<use DATA_621_HW4_Group2_files/figure-latex/corr-plot-1.pdf>
Package pdftex.def Info: DATA_621_HW4_Group2_files/figure-latex/corr-plot-1.pdf
  used on input line 655.
(pdftex.def)             Requested size: 469.75386pt x 325.2142pt.


[13 <./DATA_621_HW4_Group2_files/figure-latex/boxplot-1.pdf>]

[14 <./DATA_621_HW4_Group2_files/figure-latex/corr-plot-1.pdf>]
<DATA_621_HW4_Group2_files/figure-latex/unnamed-chunk-2-1.pdf, id=116, 469.755p
t x 325.215pt>
File: DATA_621_HW4_Group2_files/figure-latex/unnamed-chunk-2-1.pdf Graphic file
 (type pdf)
<use DATA_621_HW4_Group2_files/figure-latex/unnamed-chunk-2-1.pdf>
Package pdftex.def Info: DATA_621_HW4_Group2_files/figure-latex/unnamed-chunk-2
-1.pdf  used on input line 730.
(pdftex.def)             Requested size: 469.75386pt x 325.2142pt.


[15 <./DATA_621_HW4_Group2_files/figure-latex/unnamed-chunk-2-1.pdf>]
<DATA_621_HW4_Group2_files/figure-latex/percent missing check-1.pdf, id=126, 46
9.755pt x 325.215pt>
File: DATA_621_HW4_Group2_files/figure-latex/percent missing check-1.pdf Graphi
c file (type pdf)
<use DATA_621_HW4_Group2_files/figure-latex/percent missing check-1.pdf>
Package pdftex.def Info: DATA_621_HW4_Group2_files/figure-latex/percent missing
 check-1.pdf  used on input line 818.
(pdftex.def)             Requested size: 469.75386pt x 325.2142pt.


[16]
<DATA_621_HW4_Group2_files/figure-latex/unnamed-chunk-3-1.pdf, id=134, 469.755p
t x 325.215pt>
File: DATA_621_HW4_Group2_files/figure-latex/unnamed-chunk-3-1.pdf Graphic file
 (type pdf)
<use DATA_621_HW4_Group2_files/figure-latex/unnamed-chunk-3-1.pdf>
Package pdftex.def Info: DATA_621_HW4_Group2_files/figure-latex/unnamed-chunk-3
-1.pdf  used on input line 832.
(pdftex.def)             Requested size: 469.75386pt x 325.2142pt.


[17 <./DATA_621_HW4_Group2_files/figure-latex/percent missing check-1.pdf>]
<DATA_621_HW4_Group2_files/figure-latex/missing pattern-1.pdf, id=144, 469.755p
t x 325.215pt>
File: DATA_621_HW4_Group2_files/figure-latex/missing pattern-1.pdf Graphic file
 (type pdf)
<use DATA_621_HW4_Group2_files/figure-latex/missing pattern-1.pdf>
Package pdftex.def Info: DATA_621_HW4_Group2_files/figure-latex/missing pattern
-1.pdf  used on input line 845.
(pdftex.def)             Requested size: 469.75386pt x 325.2142pt.


[18 <./DATA_621_HW4_Group2_files/figure-latex/unnamed-chunk-3-1.pdf>]

[19 <./DATA_621_HW4_Group2_files/figure-latex/missing pattern-1.pdf>]

[20]
LaTeX Font Info:    Trying to load font information for TS1+lmtt on input line 
1002.

(C:\Users\jferrara_personal\AppData\Local\Programs\MiKTeX\tex/latex/lm\ts1lmtt.
fd
File: ts1lmtt.fd 2015/05/01 v1.6.1 Font defs for Latin Modern
)

[21]

[22]
Overfull \hbox (2586.40201pt too wide) in paragraph at lines 1087--1098
 [][] 
 []



[23

]

[24

]

[25]

[26]

[27]

[28]

[29]

[30]

[31]

[32]

[33]
<DATA_621_HW4_Group2_files/figure-latex/unnamed-chunk-11-1.pdf, id=241, 469.755
pt x 325.215pt>
File: DATA_621_HW4_Group2_files/figure-latex/unnamed-chunk-11-1.pdf Graphic fil
e (type pdf)
<use DATA_621_HW4_Group2_files/figure-latex/unnamed-chunk-11-1.pdf>
Package pdftex.def Info: DATA_621_HW4_Group2_files/figure-latex/unnamed-chunk-1
1-1.pdf  used on input line 1794.
(pdftex.def)             Requested size: 469.75386pt x 325.2142pt.


[34 <./DATA_621_HW4_Group2_files/figure-latex/unnamed-chunk-11-1.pdf>]

[35]

[36]

[37

]

[38

]

[39]

[40]

[41]
Underfull \hbox (badness 2653) in paragraph at lines 2209--2229
\T1/lmr/m/n/10 (+20) + TAR-GET_FLAG:INCOME_transformed + TAR-GET_FLAG:MVR_PTS_t
ransformed + TAR-
 []


Overfull \hbox (43.00835pt too wide) in paragraph at lines 2209--2229
\T1/lmr/m/n/10 (-20) GET_FLAG:TIF_transformed + TAR-GET_FLAG:YOJ_transformed + 
TAR-GET_FLAG:CLM_FREQ_transformed
 []


Overfull \hbox (12.97803pt too wide) in paragraph at lines 2209--2229
\T1/lmr/m/n/10 (-20) TAR-GET_FLAG:JOBStudent + TAR-GET_FLAG:CAR_USECommercial +
 TAR-GET_FLAG:\T1/lmtt/m/n/10 CAR_TYPEPanel
 []


Underfull \hbox (badness 1902) in paragraph at lines 2209--2229
\T1/lmtt/m/n/10 Truck \T1/lmr/m/n/10 (+20) + TAR-GET_FLAG:CAR_TYPEPickup + TAR-
GET_FLAG:\T1/lmtt/m/n/10 CAR_TYPESports Car \T1/lmr/m/n/10 (+20) + TAR-
 []


Underfull \hbox (badness 10000) in paragraph at lines 2209--2229
\T1/lmr/m/n/10 (+20) GET_FLAG:CAR_TYPESUV + TAR-GET_FLAG:\T1/lmtt/m/n/10 URBANI
CITYHighly Rural/ Rural \T1/lmr/m/n/10 (+20) + TAR-
 []


Underfull \hbox (badness 10000) in paragraph at lines 2209--2229
\T1/lmr/m/n/10 (+20) GET_FLAG:HOME_VAL_CAT.Low + TAR-GET_FLAG:HOME_VAL_CAT.Medi
um + TAR-
 []


Overfull \hbox (7.36783pt too wide) in paragraph at lines 2209--2229
\T1/lmr/m/n/10 (-20) GET_FLAG:HOME_VAL_CAT.High + TAR-GET_FLAG:REVOKED.No + TAR
-GET_FLAG:PARENT1.No
 []



[42]

[43]

[44]

[45]

[46]

LaTeX Font Warning: Font shape `T1/lmtt/bx/it' in size <10> not available
(Font)              Font shape `T1/lmtt/b/sl' tried instead on input line 2702.




[47]
Underfull \vbox (badness 10000) detected at line 3411
 []


Underfull \vbox (badness 10000) detected at line 3411
 []



[48]
Underfull \vbox (badness 10000) detected at line 3411
 []


Underfull \vbox (badness 10000) detected at line 3411
 []



[49]
Underfull \vbox (badness 10000) detected at line 3411
 []


Underfull \vbox (badness 10000) detected at line 3411
 []



[50]
Underfull \vbox (badness 10000) detected at line 3411
 []


Underfull \vbox (badness 10000) detected at line 3411
 []



[51]
Underfull \vbox (badness 10000) detected at line 3411
 []


Underfull \vbox (badness 10000) detected at line 3411
 []



[52]
Underfull \vbox (badness 10000) detected at line 3411
 []


Underfull \vbox (badness 10000) detected at line 3411
 []



[53]
Underfull \vbox (badness 10000) detected at line 3411
 []


Underfull \vbox (badness 10000) detected at line 3411
 []



[54]
Underfull \vbox (badness 10000) detected at line 3411
 []


Underfull \vbox (badness 10000) detected at line 3411
 []



[55]
Underfull \vbox (badness 10000) detected at line 3411
 []


Underfull \vbox (badness 10000) detected at line 3411
 []



[56]
Underfull \vbox (badness 10000) detected at line 3411
 []


Underfull \vbox (badness 10000) detected at line 3411
 []



[57]
Underfull \vbox (badness 10000) detected at line 3411
 []


Underfull \vbox (badness 10000) detected at line 3411
 []



[58]
Underfull \vbox (badness 10000) detected at line 3411
 []


Underfull \vbox (badness 10000) detected at line 3411
 []



[59]
Underfull \vbox (badness 10000) detected at line 3411
 []


Underfull \vbox (badness 10000) detected at line 3411
 []



[60]
Underfull \vbox (badness 10000) detected at line 3411
 []


Underfull \vbox (badness 10000) detected at line 3411
 []



[61]
Underfull \vbox (badness 10000) detected at line 3411
 []


Underfull \vbox (badness 10000) detected at line 3411
 []



[62]
Underfull \vbox (badness 10000) detected at line 3411
 []


Underfull \vbox (badness 10000) detected at line 3411
 []



[63]

[64] (DATA_621_HW4_Group2.aux)
 ***********
LaTeX2e <2024-11-01> patch level 2
L3 programming layer <2025-03-26>
 ***********

LaTeX Warning: There were multiply-defined labels.

 ) 
Here is how much of TeX's memory you used:
 16775 strings out of 469959
 272823 string characters out of 5464026
 922664 words of memory out of 5000000
 42983 multiletter control sequences out of 15000+600000
 680624 words of font info for 168 fonts, out of 8000000 for 9000
 1141 hyphenation exceptions out of 8191
 83i,10n,93p,1018b,937s stack positions out of 10000i,1000n,20000p,200000b,200000s
<C:/Users/jferrara_personal/AppData/Local/Programs/MiKTeX/fonts/type1/public/
lm/lmbx10.pfb><C:/Users/jferrara_personal/AppData/Local/Programs/MiKTeX/fonts/t
ype1/public/lm/lmbx12.pfb><C:/Users/jferrara_personal/AppData/Local/Programs/Mi
KTeX/fonts/type1/public/lm/lmr10.pfb><C:/Users/jferrara_personal/AppData/Local/
Programs/MiKTeX/fonts/type1/public/lm/lmr12.pfb><C:/Users/jferrara_personal/App
Data/Local/Programs/MiKTeX/fonts/type1/public/lm/lmr17.pfb><C:/Users/jferrara_p
ersonal/AppData/Local/Programs/MiKTeX/fonts/type1/public/lm/lmri10.pfb><C:/User
s/jferrara_personal/AppData/Local/Programs/MiKTeX/fonts/type1/public/lm/lmtk10.
pfb><C:/Users/jferrara_personal/AppData/Local/Programs/MiKTeX/fonts/type1/publi
c/lm/lmtko10.pfb><C:/Users/jferrara_personal/AppData/Local/Programs/MiKTeX/font
s/type1/public/lm/lmtt10.pfb><C:/Users/jferrara_personal/AppData/Local/Programs
/MiKTeX/fonts/type1/public/lm/lmtti10.pfb>
Output written on DATA_621_HW4_Group2.pdf (64 pages, 637079 bytes).
PDF statistics:
 534 PDF objects out of 1000 (max. 8388607)
 115 named destinations out of 1000 (max. 500000)
 26838 words of extra memory for PDF output out of 29859 (max. 10000000)

